 readbc           1                             BASE
 readbc           2                             FREE
 ===Writing Mesh, num point===       341231  num elem       197274
 ===Writing Mesh Successful===
 here1
 ===Writing Data === cell_volume, num point       341231  num elem       197274
 ===Writing Data done ===
 here2
           0 LOCALDOFS       85369
           1 LOCALDOFS       85224
           2 LOCALDOFS       85547
           3 LOCALDOFS       85091
 ===Writing Data === partition, num point       341231  num elem       197274
 ===Writing Data done ===
 Max         104
 Min           9      341231          55
       85224       85224
       85547       85547
       85091       85091
       85369       85369
 ng         850
 ng        2208
 ng        1569
 ng        1465
 Partition Time:   1.50966707795305     
      341231 bcnverts
 Thermal Setup Time:   1.56548344696057     
 Thermal Symmetric Check:  T
 Thermal Symmetric Check:  T
 Thermal Symmetric Check:  T
 Thermal Symmetric Check:  T
  0 KSP Residual norm 2.372683764918e+05 
  1 KSP Residual norm 1.108549882006e+04 
  2 KSP Residual norm 1.016745865807e+04 
  3 KSP Residual norm 3.664564960834e+03 
  4 KSP Residual norm 2.398567319722e+03 
  5 KSP Residual norm 1.730378713546e+03 
  6 KSP Residual norm 1.406827372350e+03 
  7 KSP Residual norm 9.273105649461e+02 
  8 KSP Residual norm 5.879696978822e+02 
  9 KSP Residual norm 3.888419654781e+02 
 10 KSP Residual norm 2.747328812871e+02 
 11 KSP Residual norm 1.828841732895e+02 
 12 KSP Residual norm 1.401306571900e+02 
 13 KSP Residual norm 9.908374160219e+01 
 14 KSP Residual norm 6.908153633494e+01 
 15 KSP Residual norm 4.275194700843e+01 
 16 KSP Residual norm 2.594599086648e+01 
 17 KSP Residual norm 1.655127022541e+01 
 18 KSP Residual norm 1.159116645639e+01 
 19 KSP Residual norm 7.468112713112e+00 
 20 KSP Residual norm 4.515103942638e+00 
 21 KSP Residual norm 2.766016472800e+00 
 22 KSP Residual norm 1.674170973582e+00 
 23 KSP Residual norm 1.005899984102e+00 
Linear solve converged due to CONVERGED_RTOL iterations 23
 Thermal Solve Time:   8.91862679206679     
      341231 bcnverts
 here
 here
 Elastic Setup Time:   10.8195157396040     
 Elastic Symmetric Check:  F
 Elastic Symmetric Check:  F
 Elastic Symmetric Check:  F
 Elastic Symmetric Check:  F
  0 KSP Residual norm 1.132743963710e+03 
  1 KSP Residual norm 8.318838699247e+01 
  2 KSP Residual norm 3.535472055709e+01 
  3 KSP Residual norm 3.501485320300e+01 
  4 KSP Residual norm 2.796866654613e+01 
  5 KSP Residual norm 2.768925851594e+01 
  6 KSP Residual norm 2.255903974158e+01 
  7 KSP Residual norm 2.254185962400e+01 
  8 KSP Residual norm 1.740513397215e+01 
  9 KSP Residual norm 1.431773256855e+01 
 10 KSP Residual norm 1.261923258196e+01 
 11 KSP Residual norm 1.118429582012e+01 
 12 KSP Residual norm 8.247558128923e+00 
 13 KSP Residual norm 7.623149301344e+00 
 14 KSP Residual norm 6.419164557469e+00 
 15 KSP Residual norm 5.719544389423e+00 
 16 KSP Residual norm 5.222356378677e+00 
 17 KSP Residual norm 4.686173573498e+00 
 18 KSP Residual norm 4.046802929225e+00 
 19 KSP Residual norm 3.686541638760e+00 
 20 KSP Residual norm 3.140754249248e+00 
 21 KSP Residual norm 3.049812503363e+00 
 22 KSP Residual norm 2.688050209557e+00 
 23 KSP Residual norm 2.648251090855e+00 
 24 KSP Residual norm 2.278927006222e+00 
 25 KSP Residual norm 1.995523139002e+00 
 26 KSP Residual norm 1.792634068207e+00 
 27 KSP Residual norm 1.503116352867e+00 
 28 KSP Residual norm 1.315446291009e+00 
 29 KSP Residual norm 1.197787905450e+00 
 30 KSP Residual norm 1.069749664571e+00 
 31 KSP Residual norm 9.995271194812e-01 
 32 KSP Residual norm 8.954694833928e-01 
 33 KSP Residual norm 8.760108947765e-01 
 34 KSP Residual norm 8.002705551911e-01 
 35 KSP Residual norm 7.617176167647e-01 
 36 KSP Residual norm 7.218902573380e-01 
 37 KSP Residual norm 6.768449939141e-01 
 38 KSP Residual norm 6.489756157263e-01 
 39 KSP Residual norm 5.859251530596e-01 
 40 KSP Residual norm 5.274460400679e-01 
 41 KSP Residual norm 4.723787464003e-01 
 42 KSP Residual norm 4.338035369402e-01 
 43 KSP Residual norm 4.269803522636e-01 
 44 KSP Residual norm 4.068043077036e-01 
 45 KSP Residual norm 3.963095878978e-01 
 46 KSP Residual norm 3.905083121743e-01 
 47 KSP Residual norm 3.665315631054e-01 
 48 KSP Residual norm 3.652089597639e-01 
 49 KSP Residual norm 3.527070942622e-01 
 50 KSP Residual norm 3.405710627268e-01 
 51 KSP Residual norm 3.367139746430e-01 
 52 KSP Residual norm 3.216989522575e-01 
 53 KSP Residual norm 3.149607162688e-01 
 54 KSP Residual norm 3.036560553160e-01 
 55 KSP Residual norm 2.918981118157e-01 
 56 KSP Residual norm 2.903372460956e-01 
 57 KSP Residual norm 2.715404939056e-01 
 58 KSP Residual norm 2.654474903981e-01 
 59 KSP Residual norm 2.554066253800e-01 
 60 KSP Residual norm 2.414591269374e-01 
 61 KSP Residual norm 2.381051957752e-01 
 62 KSP Residual norm 2.145198646768e-01 
 63 KSP Residual norm 2.019187632211e-01 
 64 KSP Residual norm 1.869644034388e-01 
 65 KSP Residual norm 1.706495079368e-01 
 66 KSP Residual norm 1.598350328231e-01 
 67 KSP Residual norm 1.441306257533e-01 
 68 KSP Residual norm 1.309061854261e-01 
 69 KSP Residual norm 1.192456702702e-01 
 70 KSP Residual norm 1.117118907169e-01 
 71 KSP Residual norm 1.066418285460e-01 
 72 KSP Residual norm 1.042604940416e-01 
 73 KSP Residual norm 9.952788046921e-02 
 74 KSP Residual norm 9.259519875697e-02 
 75 KSP Residual norm 9.019069199376e-02 
 76 KSP Residual norm 8.646015256460e-02 
 77 KSP Residual norm 8.282244118876e-02 
 78 KSP Residual norm 8.115266510067e-02 
 79 KSP Residual norm 7.579493429620e-02 
 80 KSP Residual norm 7.476317272481e-02 
 81 KSP Residual norm 7.413142903714e-02 
 82 KSP Residual norm 7.213967870095e-02 
 83 KSP Residual norm 7.210829129038e-02 
 84 KSP Residual norm 6.985304931756e-02 
 85 KSP Residual norm 6.931662058638e-02 
 86 KSP Residual norm 6.841362791014e-02 
 87 KSP Residual norm 6.642199275360e-02 
 88 KSP Residual norm 6.558687745103e-02 
 89 KSP Residual norm 6.413412775537e-02 
 90 KSP Residual norm 6.315604655920e-02 
 91 KSP Residual norm 6.296265778838e-02 
 92 KSP Residual norm 6.201449918889e-02 
 93 KSP Residual norm 6.194768253774e-02 
 94 KSP Residual norm 6.141395643966e-02 
 95 KSP Residual norm 6.106392002666e-02 
 96 KSP Residual norm 6.001260847431e-02 
 97 KSP Residual norm 5.939538182686e-02 
 98 KSP Residual norm 5.893609747090e-02 
 99 KSP Residual norm 5.888200192949e-02 
100 KSP Residual norm 5.860213036073e-02 
101 KSP Residual norm 5.846026327350e-02 
102 KSP Residual norm 5.768050717339e-02 
103 KSP Residual norm 5.712225514322e-02 
104 KSP Residual norm 5.600184730663e-02 
105 KSP Residual norm 5.539690889524e-02 
106 KSP Residual norm 5.426850055461e-02 
107 KSP Residual norm 5.345857638655e-02 
108 KSP Residual norm 5.302946494579e-02 
109 KSP Residual norm 5.269370966902e-02 
110 KSP Residual norm 5.212124826363e-02 
111 KSP Residual norm 5.202201827942e-02 
112 KSP Residual norm 5.129386329058e-02 
113 KSP Residual norm 5.102707217527e-02 
114 KSP Residual norm 5.056294776221e-02 
115 KSP Residual norm 4.964491978989e-02 
116 KSP Residual norm 4.903568965161e-02 
117 KSP Residual norm 4.861351340290e-02 
118 KSP Residual norm 4.832882770962e-02 
119 KSP Residual norm 4.805263580787e-02 
120 KSP Residual norm 4.761763650707e-02 
121 KSP Residual norm 4.761603156029e-02 
122 KSP Residual norm 4.760174797806e-02 
123 KSP Residual norm 4.758504805654e-02 
124 KSP Residual norm 4.758080396722e-02 
125 KSP Residual norm 4.752743549204e-02 
126 KSP Residual norm 4.741435687489e-02 
127 KSP Residual norm 4.736576392802e-02 
128 KSP Residual norm 4.721418694423e-02 
129 KSP Residual norm 4.717394374243e-02 
130 KSP Residual norm 4.704628398357e-02 
131 KSP Residual norm 4.693635841727e-02 
132 KSP Residual norm 4.677985789389e-02 
133 KSP Residual norm 4.656081461894e-02 
134 KSP Residual norm 4.635492645779e-02 
135 KSP Residual norm 4.589773629698e-02 
136 KSP Residual norm 4.577314417278e-02 
137 KSP Residual norm 4.553944318880e-02 
138 KSP Residual norm 4.536155696761e-02 
139 KSP Residual norm 4.518020582198e-02 
140 KSP Residual norm 4.490003018293e-02 
141 KSP Residual norm 4.471964031178e-02 
142 KSP Residual norm 4.454145523170e-02 
143 KSP Residual norm 4.446560152003e-02 
144 KSP Residual norm 4.421207465286e-02 
145 KSP Residual norm 4.399231099697e-02 
146 KSP Residual norm 4.308308185137e-02 
147 KSP Residual norm 4.302184339832e-02 
148 KSP Residual norm 4.233368848420e-02 
149 KSP Residual norm 4.218292679293e-02 
150 KSP Residual norm 4.218291413319e-02 
151 KSP Residual norm 4.207863486714e-02 
152 KSP Residual norm 4.206885430815e-02 
153 KSP Residual norm 4.204567005192e-02 
154 KSP Residual norm 4.176836244504e-02 
155 KSP Residual norm 4.161776668868e-02 
156 KSP Residual norm 4.106718412420e-02 
157 KSP Residual norm 4.063877245544e-02 
158 KSP Residual norm 3.973626672180e-02 
159 KSP Residual norm 3.916425989633e-02 
160 KSP Residual norm 3.828224604731e-02 
161 KSP Residual norm 3.756079472028e-02 
162 KSP Residual norm 3.674437206428e-02 
163 KSP Residual norm 3.643589905154e-02 
164 KSP Residual norm 3.591947952017e-02 
165 KSP Residual norm 3.562679315460e-02 
166 KSP Residual norm 3.495925328286e-02 
167 KSP Residual norm 3.413226111005e-02 
168 KSP Residual norm 3.299985839068e-02 
169 KSP Residual norm 3.137523407528e-02 
170 KSP Residual norm 3.081875496691e-02 
171 KSP Residual norm 2.947701225922e-02 
172 KSP Residual norm 2.925748803157e-02 
173 KSP Residual norm 2.884596891585e-02 
174 KSP Residual norm 2.799943338555e-02 
175 KSP Residual norm 2.772288485346e-02 
176 KSP Residual norm 2.698100295119e-02 
177 KSP Residual norm 2.593032639502e-02 
178 KSP Residual norm 2.536681632712e-02 
179 KSP Residual norm 2.377687249838e-02 
180 KSP Residual norm 2.238873043868e-02 
181 KSP Residual norm 2.123901255247e-02 
182 KSP Residual norm 1.889208469898e-02 
183 KSP Residual norm 1.814403755782e-02 
184 KSP Residual norm 1.748972610686e-02 
185 KSP Residual norm 1.703812389175e-02 
186 KSP Residual norm 1.666205246621e-02 
187 KSP Residual norm 1.584028910463e-02 
188 KSP Residual norm 1.441320799798e-02 
189 KSP Residual norm 1.323351338304e-02 
190 KSP Residual norm 1.219234837015e-02 
191 KSP Residual norm 1.164752965847e-02 
192 KSP Residual norm 1.130879094248e-02 
193 KSP Residual norm 1.081560728296e-02 
194 KSP Residual norm 1.042207446031e-02 
195 KSP Residual norm 1.006043421511e-02 
196 KSP Residual norm 9.770659690430e-03 
197 KSP Residual norm 9.646663387425e-03 
198 KSP Residual norm 9.222842097323e-03 
199 KSP Residual norm 9.013380019246e-03 
200 KSP Residual norm 8.603375644821e-03 
201 KSP Residual norm 8.284607449462e-03 
202 KSP Residual norm 8.058369969689e-03 
203 KSP Residual norm 7.674553566364e-03 
204 KSP Residual norm 7.469150898818e-03 
205 KSP Residual norm 7.039192808954e-03 
206 KSP Residual norm 6.857845940947e-03 
207 KSP Residual norm 6.758246842729e-03 
208 KSP Residual norm 6.692826556098e-03 
209 KSP Residual norm 6.649983461645e-03 
210 KSP Residual norm 6.591166789804e-03 
211 KSP Residual norm 6.404359298235e-03 
212 KSP Residual norm 6.353605544828e-03 
213 KSP Residual norm 6.112110119606e-03 
214 KSP Residual norm 6.097047362470e-03 
215 KSP Residual norm 6.021812241368e-03 
216 KSP Residual norm 5.981728929002e-03 
217 KSP Residual norm 5.950645940482e-03 
218 KSP Residual norm 5.935000215866e-03 
219 KSP Residual norm 5.839955469043e-03 
220 KSP Residual norm 5.836970792623e-03 
221 KSP Residual norm 5.694177143569e-03 
222 KSP Residual norm 5.664426618598e-03 
223 KSP Residual norm 5.614246771433e-03 
Linear solve converged due to CONVERGED_RTOL iterations 223
 Elastic Solve Time:   245.023629360818     
  1 EPS nconv=0 first unconverged value (error) 6.90298e-07 (2.61619833e+06)
  2 EPS nconv=0 first unconverged value (error) 1.75275e-09 (1.91928243e+07)
  3 EPS nconv=0 first unconverged value (error) 2.63892e-10 (1.55569229e+07)
  4 EPS nconv=0 first unconverged value (error) 1.00365e-10 (3.26018723e+07)
  5 EPS nconv=0 first unconverged value (error) 6.49834e-11 (2.28820148e+07)
  6 EPS nconv=0 first unconverged value (error) 4.74682e-11 (3.74904257e+07)
  7 EPS nconv=0 first unconverged value (error) 3.59077e-11 (2.94615973e+07)
  8 EPS nconv=0 first unconverged value (error) 2.90711e-11 (3.90317634e+07)
  9 EPS nconv=0 first unconverged value (error) 2.36963e-11 (3.66454885e+07)
 10 EPS nconv=0 first unconverged value (error) 1.99085e-11 (4.65092116e+07)
 11 EPS nconv=0 first unconverged value (error) 1.72662e-11 (3.39575358e+07)
 12 EPS nconv=0 first unconverged value (error) 1.52448e-11 (4.70157763e+07)
 13 EPS nconv=0 first unconverged value (error) 1.35944e-11 (3.60335632e+07)
 14 EPS nconv=0 first unconverged value (error) 1.21544e-11 (4.95808178e+07)
 15 EPS nconv=0 first unconverged value (error) 1.08862e-11 (4.29639610e+07)
 16 EPS nconv=0 first unconverged value (error) 9.81476e-12 (4.81522930e+07)
 17 EPS nconv=0 first unconverged value (error) 8.93805e-12 (4.52134571e+07)
 18 EPS nconv=0 first unconverged value (error) 8.20029e-12 (4.61641101e+07)
 19 EPS nconv=0 first unconverged value (error) 7.56923e-12 (4.71451790e+07)
 20 EPS nconv=0 first unconverged value (error) 7.04269e-12 (4.37498450e+07)
 21 EPS nconv=0 first unconverged value (error) 6.31386e-12 (4.87748184e+07)
 22 EPS nconv=0 first unconverged value (error) 6.01388e-12 (2.25297655e+07)
 23 EPS nconv=0 first unconverged value (error) 5.7686e-12 (2.94231534e+07)
 24 EPS nconv=0 first unconverged value (error) 5.53859e-12 (2.63296804e+07)
 25 EPS nconv=0 first unconverged value (error) 5.2993e-12 (2.95796997e+07)
 26 EPS nconv=0 first unconverged value (error) 5.08299e-12 (2.97609034e+07)
 27 EPS nconv=0 first unconverged value (error) 4.86356e-12 (2.93027313e+07)
 28 EPS nconv=0 first unconverged value (error) 4.6702e-12 (3.18504382e+07)
 29 EPS nconv=0 first unconverged value (error) 4.49068e-12 (3.05428101e+07)
[mpiexec@HZZ7] Sending Ctrl-C to processes as requested
[mpiexec@HZZ7] Press Ctrl-C again to force abort
