  0 KSP Residual norm 3.111148930432e+01 
  1 KSP Residual norm 1.779961884984e+01 
  2 KSP Residual norm 7.154451562237e+00 
  3 KSP Residual norm 4.351402738679e+00 
  4 KSP Residual norm 2.842399185788e+00 
  5 KSP Residual norm 1.818058077193e+00 
  6 KSP Residual norm 1.427379030951e+00 
  7 KSP Residual norm 1.095205069535e+00 
  8 KSP Residual norm 8.719558306930e-01 
  9 KSP Residual norm 6.515093860282e-01 
 10 KSP Residual norm 4.996673368176e-01 
 11 KSP Residual norm 3.327895268813e-01 
 12 KSP Residual norm 2.373792512444e-01 
 13 KSP Residual norm 1.889970578685e-01 
 14 KSP Residual norm 1.622955122648e-01 
 15 KSP Residual norm 1.359559194225e-01 
 16 KSP Residual norm 1.139058488857e-01 
 17 KSP Residual norm 9.348397666816e-02 
 18 KSP Residual norm 8.656857916493e-02 
 19 KSP Residual norm 7.932391635680e-02 
 20 KSP Residual norm 7.565878224959e-02 
 21 KSP Residual norm 7.379445587495e-02 
 22 KSP Residual norm 7.109219685817e-02 
 23 KSP Residual norm 6.473763238474e-02 
 24 KSP Residual norm 5.903800937344e-02 
 25 KSP Residual norm 5.555260210636e-02 
 26 KSP Residual norm 5.142771148522e-02 
 27 KSP Residual norm 4.915305971208e-02 
 28 KSP Residual norm 4.857666703856e-02 
 29 KSP Residual norm 4.788300643424e-02 
 30 KSP Residual norm 4.665259078274e-02 
 31 KSP Residual norm 4.612527535352e-02 
 32 KSP Residual norm 4.580609767426e-02 
 33 KSP Residual norm 4.480669034563e-02 
 34 KSP Residual norm 4.377727238760e-02 
 35 KSP Residual norm 4.287301815610e-02 
 36 KSP Residual norm 4.217747556970e-02 
 37 KSP Residual norm 4.165658783638e-02 
 38 KSP Residual norm 4.122295981300e-02 
 39 KSP Residual norm 4.081645559412e-02 
 40 KSP Residual norm 4.066524183224e-02 
 41 KSP Residual norm 4.059709674959e-02 
 42 KSP Residual norm 4.030333681833e-02 
 43 KSP Residual norm 3.969118787615e-02 
 44 KSP Residual norm 3.905956975069e-02 
 45 KSP Residual norm 3.889185978345e-02 
 46 KSP Residual norm 3.880028691806e-02 
 47 KSP Residual norm 3.850623905285e-02 
 48 KSP Residual norm 3.803963991851e-02 
 49 KSP Residual norm 3.764329052291e-02 
 50 KSP Residual norm 3.704731823318e-02 
 51 KSP Residual norm 3.655122598277e-02 
 52 KSP Residual norm 3.621314066748e-02 
 53 KSP Residual norm 3.558346636151e-02 
 54 KSP Residual norm 3.459472679942e-02 
 55 KSP Residual norm 3.337342556602e-02 
 56 KSP Residual norm 3.197720998086e-02 
 57 KSP Residual norm 3.098248602994e-02 
 58 KSP Residual norm 3.050232613487e-02 
 59 KSP Residual norm 3.005789832680e-02 
 60 KSP Residual norm 2.984830335563e-02 
 61 KSP Residual norm 2.962178902742e-02 
 62 KSP Residual norm 2.900721413226e-02 
 63 KSP Residual norm 2.823641537661e-02 
 64 KSP Residual norm 2.765558536697e-02 
 65 KSP Residual norm 2.675846652300e-02 
 66 KSP Residual norm 2.572369868927e-02 
 67 KSP Residual norm 2.507945915196e-02 
 68 KSP Residual norm 2.438644558486e-02 
 69 KSP Residual norm 2.393163665284e-02 
 70 KSP Residual norm 2.344655411658e-02 
 71 KSP Residual norm 2.298113400489e-02 
 72 KSP Residual norm 2.261218773235e-02 
 73 KSP Residual norm 2.214911510246e-02 
 74 KSP Residual norm 2.155062908012e-02 
 75 KSP Residual norm 2.099291555448e-02 
 76 KSP Residual norm 2.052792356564e-02 
 77 KSP Residual norm 2.033530907879e-02 
 78 KSP Residual norm 2.012692967147e-02 
 79 KSP Residual norm 1.954942815880e-02 
 80 KSP Residual norm 1.901268494588e-02 
 81 KSP Residual norm 1.870361837129e-02 
 82 KSP Residual norm 1.821391636318e-02 
 83 KSP Residual norm 1.778974342242e-02 
 84 KSP Residual norm 1.725512919065e-02 
 85 KSP Residual norm 1.629904826022e-02 
 86 KSP Residual norm 1.560460487760e-02 
 87 KSP Residual norm 1.503256390686e-02 
 88 KSP Residual norm 1.433270626681e-02 
 89 KSP Residual norm 1.375900770822e-02 
 90 KSP Residual norm 1.322704856839e-02 
 91 KSP Residual norm 1.265747712699e-02 
 92 KSP Residual norm 1.211713261907e-02 
 93 KSP Residual norm 1.162509770173e-02 
 94 KSP Residual norm 1.103485368744e-02 
 95 KSP Residual norm 1.063008506656e-02 
 96 KSP Residual norm 1.024090800198e-02 
 97 KSP Residual norm 9.847207763707e-03 
 98 KSP Residual norm 9.481453944739e-03 
 99 KSP Residual norm 9.166435490286e-03 
100 KSP Residual norm 8.867090209915e-03 
101 KSP Residual norm 8.686602703458e-03 
102 KSP Residual norm 8.440844410410e-03 
103 KSP Residual norm 8.170513401029e-03 
104 KSP Residual norm 7.897052921857e-03 
105 KSP Residual norm 7.658836531645e-03 
106 KSP Residual norm 7.393047147940e-03 
107 KSP Residual norm 7.199240932329e-03 
108 KSP Residual norm 6.920058677567e-03 
109 KSP Residual norm 6.653064030924e-03 
110 KSP Residual norm 6.463979730642e-03 
111 KSP Residual norm 6.258051741775e-03 
112 KSP Residual norm 5.950592787866e-03 
113 KSP Residual norm 5.682738182704e-03 
114 KSP Residual norm 5.429994641478e-03 
115 KSP Residual norm 5.131600989421e-03 
116 KSP Residual norm 4.818960061600e-03 
117 KSP Residual norm 4.511158353811e-03 
118 KSP Residual norm 4.222532220278e-03 
119 KSP Residual norm 3.979446101909e-03 
120 KSP Residual norm 3.655461749709e-03 
121 KSP Residual norm 3.635295065239e-03 
122 KSP Residual norm 3.518470905566e-03 
123 KSP Residual norm 3.249960469867e-03 
124 KSP Residual norm 3.165897325892e-03 
125 KSP Residual norm 3.007532232656e-03 
126 KSP Residual norm 2.827063081964e-03 
127 KSP Residual norm 2.717663516162e-03 
128 KSP Residual norm 2.623988912824e-03 
129 KSP Residual norm 2.507847325119e-03 
130 KSP Residual norm 2.359080167746e-03 
131 KSP Residual norm 2.285811665328e-03 
132 KSP Residual norm 2.199035078869e-03 
133 KSP Residual norm 2.117926998190e-03 
134 KSP Residual norm 2.063528490840e-03 
135 KSP Residual norm 2.001327653368e-03 
136 KSP Residual norm 1.921803727365e-03 
137 KSP Residual norm 1.880946049060e-03 
138 KSP Residual norm 1.829924390164e-03 
139 KSP Residual norm 1.733242337361e-03 
140 KSP Residual norm 1.665857114860e-03 
141 KSP Residual norm 1.631378591641e-03 
142 KSP Residual norm 1.556088641349e-03 
143 KSP Residual norm 1.497206351109e-03 
144 KSP Residual norm 1.484727533746e-03 
145 KSP Residual norm 1.452296268313e-03 
146 KSP Residual norm 1.396153737439e-03 
147 KSP Residual norm 1.379918023756e-03 
148 KSP Residual norm 1.355031132646e-03 
149 KSP Residual norm 1.299162143451e-03 
150 KSP Residual norm 1.266584372106e-03 
151 KSP Residual norm 1.237373202914e-03 
152 KSP Residual norm 1.193345096087e-03 
153 KSP Residual norm 1.156208833850e-03 
154 KSP Residual norm 1.115162266926e-03 
155 KSP Residual norm 1.057928976266e-03 
156 KSP Residual norm 1.020078298077e-03 
157 KSP Residual norm 9.915393936046e-04 
158 KSP Residual norm 9.629680478388e-04 
159 KSP Residual norm 9.340322031596e-04 
160 KSP Residual norm 9.099190703054e-04 
161 KSP Residual norm 8.793421162189e-04 
162 KSP Residual norm 8.572501107066e-04 
163 KSP Residual norm 8.409756366290e-04 
164 KSP Residual norm 8.191974317296e-04 
165 KSP Residual norm 8.022675956575e-04 
166 KSP Residual norm 7.935284501847e-04 
167 KSP Residual norm 7.812014320694e-04 
168 KSP Residual norm 7.606406064773e-04 
169 KSP Residual norm 7.524956603838e-04 
170 KSP Residual norm 7.452051482715e-04 
171 KSP Residual norm 7.262407583849e-04 
172 KSP Residual norm 7.133618660495e-04 
173 KSP Residual norm 7.084396173624e-04 
174 KSP Residual norm 6.959702811657e-04 
175 KSP Residual norm 6.810152750174e-04 
176 KSP Residual norm 6.679423045505e-04 
177 KSP Residual norm 6.550079538330e-04 
178 KSP Residual norm 6.407471749722e-04 
179 KSP Residual norm 6.312290264823e-04 
180 KSP Residual norm 6.255334769641e-04 
181 KSP Residual norm 6.187417505742e-04 
182 KSP Residual norm 6.110097641290e-04 
183 KSP Residual norm 6.031942462922e-04 
184 KSP Residual norm 5.928091112705e-04 
185 KSP Residual norm 5.835578746205e-04 
186 KSP Residual norm 5.769699996804e-04 
187 KSP Residual norm 5.684695577633e-04 
188 KSP Residual norm 5.626660732073e-04 
189 KSP Residual norm 5.588071955380e-04 
190 KSP Residual norm 5.534535897581e-04 
191 KSP Residual norm 5.502741817388e-04 
192 KSP Residual norm 5.489385881915e-04 
193 KSP Residual norm 5.454923542457e-04 
194 KSP Residual norm 5.411354437259e-04 
195 KSP Residual norm 5.386512018363e-04 
196 KSP Residual norm 5.329633973397e-04 
197 KSP Residual norm 5.250716429239e-04 
198 KSP Residual norm 5.213848654117e-04 
199 KSP Residual norm 5.168399452590e-04 
200 KSP Residual norm 5.098699884913e-04 
201 KSP Residual norm 5.065361983070e-04 
202 KSP Residual norm 5.050489595028e-04 
203 KSP Residual norm 5.022669599617e-04 
204 KSP Residual norm 4.999133232004e-04 
205 KSP Residual norm 4.992699250153e-04 
206 KSP Residual norm 4.970365421593e-04 
207 KSP Residual norm 4.914404352035e-04 
208 KSP Residual norm 4.855661344464e-04 
209 KSP Residual norm 4.746605711790e-04 
210 KSP Residual norm 4.687312458619e-04 
211 KSP Residual norm 4.665634192765e-04 
212 KSP Residual norm 4.623731901104e-04 
213 KSP Residual norm 4.584574761950e-04 
214 KSP Residual norm 4.575652203255e-04 
215 KSP Residual norm 4.528466584036e-04 
216 KSP Residual norm 4.464318645200e-04 
217 KSP Residual norm 4.427890728080e-04 
218 KSP Residual norm 4.349193542324e-04 
219 KSP Residual norm 4.243777615202e-04 
220 KSP Residual norm 4.167108862573e-04 
221 KSP Residual norm 4.052304692833e-04 
222 KSP Residual norm 3.939633483105e-04 
223 KSP Residual norm 3.847188157372e-04 
224 KSP Residual norm 3.717599113879e-04 
225 KSP Residual norm 3.619850908521e-04 
226 KSP Residual norm 3.530647096567e-04 
227 KSP Residual norm 3.449379930337e-04 
228 KSP Residual norm 3.377595458701e-04 
229 KSP Residual norm 3.283844991469e-04 
230 KSP Residual norm 3.216751483197e-04 
231 KSP Residual norm 3.194059447213e-04 
232 KSP Residual norm 3.173829851512e-04 
233 KSP Residual norm 3.151673345494e-04 
234 KSP Residual norm 3.140497969046e-04 
235 KSP Residual norm 3.132603825352e-04 
236 KSP Residual norm 3.125037041569e-04 
237 KSP Residual norm 3.120227148883e-04 
238 KSP Residual norm 3.115140445522e-04 
239 KSP Residual norm 3.109257354705e-04 
240 KSP Residual norm 3.102181364399e-04 
241 KSP Residual norm 3.102144315581e-04 
242 KSP Residual norm 3.102016169817e-04 
243 KSP Residual norm 3.101732918797e-04 
244 KSP Residual norm 3.101488990312e-04 
245 KSP Residual norm 3.101324746073e-04 
246 KSP Residual norm 3.101122897651e-04 
247 KSP Residual norm 3.101091282346e-04 
248 KSP Residual norm 3.099906035372e-04 
249 KSP Residual norm 3.097618852534e-04 
250 KSP Residual norm 3.096547005508e-04 
251 KSP Residual norm 3.093329332385e-04 
252 KSP Residual norm 3.088729775408e-04 
253 KSP Residual norm 3.087967864531e-04 
254 KSP Residual norm 3.087492037021e-04 
255 KSP Residual norm 3.086658635984e-04 
256 KSP Residual norm 3.086267246452e-04 
257 KSP Residual norm 3.084938961839e-04 
258 KSP Residual norm 3.080980436947e-04 
259 KSP Residual norm 3.076646330018e-04 
260 KSP Residual norm 3.071393129541e-04 
261 KSP Residual norm 3.064493250534e-04 
262 KSP Residual norm 3.058901668670e-04 
263 KSP Residual norm 3.057833690068e-04 
264 KSP Residual norm 3.055875169125e-04 
265 KSP Residual norm 3.048375870691e-04 
266 KSP Residual norm 3.042055139323e-04 
267 KSP Residual norm 3.038495318521e-04 
268 KSP Residual norm 3.030748307173e-04 
269 KSP Residual norm 3.025168443663e-04 
270 KSP Residual norm 3.023067872637e-04 
271 KSP Residual norm 3.019903425088e-04 
272 KSP Residual norm 3.015900597928e-04 
273 KSP Residual norm 3.013277224786e-04 
274 KSP Residual norm 3.011908509461e-04 
275 KSP Residual norm 3.009393807895e-04 
276 KSP Residual norm 3.004607161643e-04 
277 KSP Residual norm 2.999196827304e-04 
278 KSP Residual norm 2.995396340260e-04 
279 KSP Residual norm 2.993081597676e-04 
280 KSP Residual norm 2.988739294098e-04 
281 KSP Residual norm 2.983464200046e-04 
282 KSP Residual norm 2.980661380108e-04 
283 KSP Residual norm 2.977457542704e-04 
284 KSP Residual norm 2.973791417889e-04 
285 KSP Residual norm 2.970890597865e-04 
286 KSP Residual norm 2.968957466900e-04 
287 KSP Residual norm 2.965998673185e-04 
288 KSP Residual norm 2.961955438118e-04 
289 KSP Residual norm 2.957051204982e-04 
290 KSP Residual norm 2.950871562344e-04 
291 KSP Residual norm 2.946203453258e-04 
292 KSP Residual norm 2.942433899993e-04 
293 KSP Residual norm 2.932426734628e-04 
294 KSP Residual norm 2.923122472072e-04 
295 KSP Residual norm 2.917751933274e-04 
296 KSP Residual norm 2.910658830135e-04 
297 KSP Residual norm 2.903942305945e-04 
298 KSP Residual norm 2.899309078699e-04 
299 KSP Residual norm 2.895764741060e-04 
300 KSP Residual norm 2.890777647822e-04 
301 KSP Residual norm 2.883860601597e-04 
302 KSP Residual norm 2.874906655051e-04 
303 KSP Residual norm 2.868234974128e-04 
304 KSP Residual norm 2.861672052340e-04 
305 KSP Residual norm 2.853581618650e-04 
306 KSP Residual norm 2.846128892892e-04 
307 KSP Residual norm 2.838981615500e-04 
308 KSP Residual norm 2.828737288452e-04 
309 KSP Residual norm 2.820274169395e-04 
310 KSP Residual norm 2.816783284231e-04 
311 KSP Residual norm 2.811434631617e-04 
312 KSP Residual norm 2.803537605018e-04 
313 KSP Residual norm 2.798446981106e-04 
314 KSP Residual norm 2.794212467558e-04 
315 KSP Residual norm 2.785764468676e-04 
316 KSP Residual norm 2.777994084101e-04 
317 KSP Residual norm 2.774686405896e-04 
318 KSP Residual norm 2.769607109553e-04 
319 KSP Residual norm 2.762787944554e-04 
320 KSP Residual norm 2.753876081784e-04 
321 KSP Residual norm 2.742831389913e-04 
322 KSP Residual norm 2.736232196072e-04 
323 KSP Residual norm 2.732136168660e-04 
324 KSP Residual norm 2.724608644847e-04 
325 KSP Residual norm 2.714203424462e-04 
326 KSP Residual norm 2.706413023667e-04 
327 KSP Residual norm 2.692545621884e-04 
328 KSP Residual norm 2.679807504570e-04 
329 KSP Residual norm 2.671458971888e-04 
330 KSP Residual norm 2.664176194421e-04 
331 KSP Residual norm 2.659083324016e-04 
332 KSP Residual norm 2.654949586861e-04 
333 KSP Residual norm 2.646340374974e-04 
334 KSP Residual norm 2.636941054393e-04 
335 KSP Residual norm 2.629326559720e-04 
336 KSP Residual norm 2.619461093989e-04 
337 KSP Residual norm 2.607628974032e-04 
338 KSP Residual norm 2.596580014549e-04 
339 KSP Residual norm 2.584362221280e-04 
340 KSP Residual norm 2.570473448568e-04 
341 KSP Residual norm 2.556018627436e-04 
342 KSP Residual norm 2.545691323496e-04 
343 KSP Residual norm 2.535932721804e-04 
344 KSP Residual norm 2.518250176840e-04 
345 KSP Residual norm 2.500579579946e-04 
346 KSP Residual norm 2.483557894420e-04 
347 KSP Residual norm 2.468157573253e-04 
348 KSP Residual norm 2.456520476761e-04 
349 KSP Residual norm 2.443799612670e-04 
350 KSP Residual norm 2.429005369296e-04 
351 KSP Residual norm 2.411774180667e-04 
352 KSP Residual norm 2.391924877810e-04 
353 KSP Residual norm 2.377116801271e-04 
354 KSP Residual norm 2.363815701571e-04 
355 KSP Residual norm 2.347938687432e-04 
356 KSP Residual norm 2.328820539509e-04 
357 KSP Residual norm 2.306642503474e-04 
358 KSP Residual norm 2.281715014370e-04 
359 KSP Residual norm 2.262918382135e-04 
360 KSP Residual norm 2.248527166071e-04 
361 KSP Residual norm 2.247225670816e-04 
362 KSP Residual norm 2.246804501517e-04 
363 KSP Residual norm 2.245888109501e-04 
364 KSP Residual norm 2.245879849758e-04 
365 KSP Residual norm 2.244251497377e-04 
366 KSP Residual norm 2.240277691085e-04 
367 KSP Residual norm 2.233824648388e-04 
368 KSP Residual norm 2.217920805493e-04 
369 KSP Residual norm 2.206230245291e-04 
370 KSP Residual norm 2.198635396769e-04 
371 KSP Residual norm 2.188537011673e-04 
372 KSP Residual norm 2.177359262515e-04 
373 KSP Residual norm 2.172305774302e-04 
374 KSP Residual norm 2.167824628750e-04 
375 KSP Residual norm 2.161364218152e-04 
376 KSP Residual norm 2.156712334260e-04 
377 KSP Residual norm 2.150176348239e-04 
378 KSP Residual norm 2.142864175357e-04 
379 KSP Residual norm 2.134413816860e-04 
380 KSP Residual norm 2.126231048072e-04 
381 KSP Residual norm 2.115576566626e-04 
382 KSP Residual norm 2.108392939278e-04 
383 KSP Residual norm 2.105027029807e-04 
384 KSP Residual norm 2.101787424457e-04 
385 KSP Residual norm 2.093903046778e-04 
386 KSP Residual norm 2.084961337204e-04 
387 KSP Residual norm 2.081110516218e-04 
388 KSP Residual norm 2.077331573456e-04 
389 KSP Residual norm 2.072946083481e-04 
390 KSP Residual norm 2.069402807151e-04 
391 KSP Residual norm 2.063401539528e-04 
392 KSP Residual norm 2.056085535094e-04 
393 KSP Residual norm 2.052195845259e-04 
394 KSP Residual norm 2.048045092923e-04 
395 KSP Residual norm 2.037055332641e-04 
396 KSP Residual norm 2.029442792837e-04 
397 KSP Residual norm 2.023615150889e-04 
398 KSP Residual norm 2.016821109683e-04 
399 KSP Residual norm 2.011106318179e-04 
400 KSP Residual norm 2.006101504069e-04 
401 KSP Residual norm 1.998526619057e-04 
402 KSP Residual norm 1.989797100085e-04 
403 KSP Residual norm 1.983803231979e-04 
404 KSP Residual norm 1.978249732261e-04 
405 KSP Residual norm 1.973605200220e-04 
406 KSP Residual norm 1.968117820737e-04 
407 KSP Residual norm 1.960089785453e-04 
408 KSP Residual norm 1.956008421725e-04 
409 KSP Residual norm 1.955025034566e-04 
410 KSP Residual norm 1.951975764629e-04 
411 KSP Residual norm 1.944013721129e-04 
412 KSP Residual norm 1.940905545808e-04 
413 KSP Residual norm 1.936157448183e-04 
414 KSP Residual norm 1.931121934793e-04 
415 KSP Residual norm 1.930293957878e-04 
416 KSP Residual norm 1.926629634327e-04 
417 KSP Residual norm 1.915342501960e-04 
418 KSP Residual norm 1.912806193302e-04 
419 KSP Residual norm 1.911889579087e-04 
420 KSP Residual norm 1.905729342853e-04 
421 KSP Residual norm 1.902608756638e-04 
422 KSP Residual norm 1.900591801203e-04 
423 KSP Residual norm 1.890511785299e-04 
424 KSP Residual norm 1.884210909970e-04 
425 KSP Residual norm 1.882844710511e-04 
426 KSP Residual norm 1.877697688306e-04 
427 KSP Residual norm 1.871629652158e-04 
428 KSP Residual norm 1.868811279073e-04 
429 KSP Residual norm 1.865661692888e-04 
430 KSP Residual norm 1.864430095737e-04 
431 KSP Residual norm 1.863682444091e-04 
432 KSP Residual norm 1.859375043178e-04 
433 KSP Residual norm 1.856596599900e-04 
434 KSP Residual norm 1.855674630203e-04 
435 KSP Residual norm 1.849329207181e-04 
436 KSP Residual norm 1.840358829653e-04 
437 KSP Residual norm 1.837695862551e-04 
438 KSP Residual norm 1.832283350645e-04 
439 KSP Residual norm 1.825280039395e-04 
440 KSP Residual norm 1.824700973704e-04 
441 KSP Residual norm 1.823680312360e-04 
442 KSP Residual norm 1.817759025331e-04 
443 KSP Residual norm 1.814942400272e-04 
444 KSP Residual norm 1.812047557384e-04 
445 KSP Residual norm 1.804536022985e-04 
446 KSP Residual norm 1.801248329869e-04 
447 KSP Residual norm 1.797374690390e-04 
448 KSP Residual norm 1.784862651685e-04 
449 KSP Residual norm 1.780926263113e-04 
450 KSP Residual norm 1.778913226465e-04 
451 KSP Residual norm 1.775864086396e-04 
452 KSP Residual norm 1.773100039970e-04 
453 KSP Residual norm 1.769869154566e-04 
454 KSP Residual norm 1.764482567363e-04 
455 KSP Residual norm 1.759339050655e-04 
456 KSP Residual norm 1.753671251636e-04 
457 KSP Residual norm 1.749721091732e-04 
458 KSP Residual norm 1.747729008047e-04 
459 KSP Residual norm 1.741968272187e-04 
460 KSP Residual norm 1.735431225621e-04 
461 KSP Residual norm 1.734699198795e-04 
462 KSP Residual norm 1.733718115421e-04 
463 KSP Residual norm 1.730439246519e-04 
464 KSP Residual norm 1.728895430545e-04 
465 KSP Residual norm 1.725602207304e-04 
466 KSP Residual norm 1.722154595746e-04 
467 KSP Residual norm 1.721555777782e-04 
468 KSP Residual norm 1.719876649487e-04 
469 KSP Residual norm 1.714089611685e-04 
470 KSP Residual norm 1.712792817449e-04 
471 KSP Residual norm 1.709869229826e-04 
472 KSP Residual norm 1.702705380315e-04 
473 KSP Residual norm 1.698778410774e-04 
474 KSP Residual norm 1.697716913999e-04 
475 KSP Residual norm 1.696354187255e-04 
476 KSP Residual norm 1.692091499271e-04 
477 KSP Residual norm 1.684053668221e-04 
478 KSP Residual norm 1.680429838604e-04 
479 KSP Residual norm 1.677428278069e-04 
480 KSP Residual norm 1.670518547284e-04 
481 KSP Residual norm 1.670404169500e-04 
482 KSP Residual norm 1.670397789120e-04 
483 KSP Residual norm 1.669445942124e-04 
484 KSP Residual norm 1.669436361252e-04 
485 KSP Residual norm 1.669097418831e-04 
486 KSP Residual norm 1.667789586768e-04 
487 KSP Residual norm 1.666918791479e-04 
488 KSP Residual norm 1.663486349810e-04 
489 KSP Residual norm 1.656068178349e-04 
490 KSP Residual norm 1.650368263241e-04 
491 KSP Residual norm 1.648117061852e-04 
492 KSP Residual norm 1.642453185518e-04 
493 KSP Residual norm 1.639398069363e-04 
494 KSP Residual norm 1.638083681108e-04 
495 KSP Residual norm 1.636843154287e-04 
496 KSP Residual norm 1.635420024720e-04 
497 KSP Residual norm 1.634233736944e-04 
498 KSP Residual norm 1.631999892793e-04 
499 KSP Residual norm 1.629551074538e-04 
500 KSP Residual norm 1.628536567610e-04 
501 KSP Residual norm 1.627572043636e-04 
502 KSP Residual norm 1.624037401969e-04 
503 KSP Residual norm 1.621760576453e-04 
504 KSP Residual norm 1.620934974330e-04 
505 KSP Residual norm 1.617236513487e-04 
506 KSP Residual norm 1.614479860928e-04 
507 KSP Residual norm 1.613359055950e-04 
508 KSP Residual norm 1.610713168570e-04 
509 KSP Residual norm 1.608242848915e-04 
510 KSP Residual norm 1.607106377381e-04 
511 KSP Residual norm 1.604792604115e-04 
512 KSP Residual norm 1.601949329457e-04 
513 KSP Residual norm 1.600788553905e-04 
514 KSP Residual norm 1.599515400645e-04 
515 KSP Residual norm 1.596000141197e-04 
516 KSP Residual norm 1.591279144923e-04 
517 KSP Residual norm 1.586828707745e-04 
518 KSP Residual norm 1.581566964747e-04 
519 KSP Residual norm 1.576879471762e-04 
520 KSP Residual norm 1.572148322286e-04 
521 KSP Residual norm 1.567287398027e-04 
522 KSP Residual norm 1.562610217308e-04 
523 KSP Residual norm 1.557942509432e-04 
524 KSP Residual norm 1.552315344957e-04 